<?xml version='1.0' encoding='utf-8'?>
<testsuites name="pytest tests"><testsuite name="pytest" errors="0" failures="0" skipped="0" tests="135" time="228.959" timestamp="2026-09-06T18:36:26.326353-04:00"><testcase classname="tests.test_api_journey" name="test_creator_to_customer_paid_membership_journey" time="2.009" /><testcase classname="tests.test_api_journey" name="test_growth_team_and_billing_admin_routes" time="1.669" /><testcase classname="tests.test_commercial_core" name="test_trial_begins_explicitly_and_is_once_per_owner" time="1.446" /><testcase classname="tests.test_commercial_core" name="test_three_commercial_plans_have_explicit_terms" time="1.370" /><testcase classname="tests.test_commercial_core" name="test_thirty_dollar_plan_thousand_revenue_is_seventy_due" time="1.562" /><testcase classname="tests.test_commercial_core" name="test_missing_fx_blocks_finalization_and_rate_snapshot_is_immutable" time="1.433" /><testcase classname="tests.test_commercial_core" name="test_plan_change_applies_next_cycle_without_rewriting_earlier_income" time="1.953" /><testcase classname="tests.test_commercial_core" name="test_platform_settlement_review_is_idempotent_and_does_not_create_customer_money" time="1.495" /><testcase classname="tests.test_commercial_core" name="test_plain_bot_token_never_enters_persisted_telegram_payload" time="1.374" /><testcase classname="tests.test_commercial_core" name="test_token_validation_does_not_mutate_bot_before_explicit_confirmation" time="1.345" /><testcase classname="tests.test_commercial_core" name="test_free_invitation_preserves_plan_and_has_no_payment_or_commission" time="1.288" /><testcase classname="tests.test_commercial_core" name="test_plan_cannot_include_channel_of_another_bot_in_same_workspace" time="1.545" /><testcase classname="tests.test_commercial_journeys" name="test_campaign_composer_preview_confirm_and_actual_delivery[es]" time="1.462" /><testcase classname="tests.test_commercial_journeys" name="test_campaign_composer_preview_confirm_and_actual_delivery[en]" time="1.480" /><testcase classname="tests.test_commercial_journeys" name="test_campaign_composer_preview_confirm_and_actual_delivery[pt]" time="1.331" /><testcase classname="tests.test_commercial_journeys" name="test_template_edit_restore_and_publish_with_default_welcome[es]" time="1.556" /><testcase classname="tests.test_commercial_journeys" name="test_template_edit_restore_and_publish_with_default_welcome[en]" time="1.362" /><testcase classname="tests.test_commercial_journeys" name="test_template_edit_restore_and_publish_with_default_welcome[pt]" time="1.264" /><testcase classname="tests.test_commercial_journeys" name="test_saas_settlement_instructions_wizard_and_owner_boundary[BANK_TRANSFER-fields0]" time="1.433" /><testcase classname="tests.test_commercial_journeys" name="test_saas_settlement_instructions_wizard_and_owner_boundary[CRYPTO-fields1]" time="1.678" /><testcase classname="tests.test_commercial_journeys" name="test_vip_tag_sends_one_localized_owner_notification" time="1.300" /><testcase classname="tests.test_commercial_journeys" name="test_paid_cohort_churn_uses_historical_cancel_and_reactivation" time="1.529" /><testcase classname="tests.test_commercial_regressions" name="test_translation_placeholders_match_in_every_language" time="0.005" /><testcase classname="tests.test_commercial_regressions" name="test_old_worker_environment_cannot_reintroduce_a_seven_day_trial" time="0.002" /><testcase classname="tests.test_commercial_regressions" name="test_invoice_summary_includes_real_usage_sales_and_amount_due" time="1.492" /><testcase classname="tests.test_commercial_regressions" name="test_saas_summary_is_queued_and_keeps_reply_order" time="1.529" /><testcase classname="tests.test_commercial_regressions" name="test_every_business_home_button_has_a_working_localized_destination[es]" time="1.500" /><testcase classname="tests.test_commercial_regressions" name="test_every_business_home_button_has_a_working_localized_destination[en]" time="1.460" /><testcase classname="tests.test_commercial_regressions" name="test_every_business_home_button_has_a_working_localized_destination[pt]" time="1.659" /><testcase classname="tests.test_commercial_regressions" name="test_master_billing_forms_use_the_selected_language[es]" time="1.506" /><testcase classname="tests.test_commercial_regressions" name="test_master_billing_forms_use_the_selected_language[en]" time="1.501" /><testcase classname="tests.test_commercial_regressions" name="test_master_billing_forms_use_the_selected_language[pt]" time="1.606" /><testcase classname="tests.test_commercial_regressions" name="test_admin_suspension_survives_verified_settlement_and_plan_selection" time="1.496" /><testcase classname="tests.test_commercial_regressions" name="test_free_extension_moves_the_current_cycle_and_creates_no_payment" time="1.334" /><testcase classname="tests.test_commercial_regressions" name="test_cancelled_trial_does_not_become_payment_pending" time="1.273" /><testcase classname="tests.test_commercial_regressions" name="test_imported_or_background_identity_does_not_erase_a_username" time="1.423" /><testcase classname="tests.test_commercial_regressions" name="test_menu_updates_are_claimed_ahead_of_a_large_background_backlog" time="1.497" /><testcase classname="tests.test_commercial_regressions" name="test_cross_payment_duplicate_proof_requires_explicit_bank_verification" time="1.246" /><testcase classname="tests.test_commercial_regressions" name="test_cancellation_creates_one_real_notification_event" time="1.395" /><testcase classname="tests.test_commercial_regressions" name="test_unexpected_webhook_failures_do_not_escape_to_access_logs" time="1.405" /><testcase classname="tests.test_commercial_regressions" name="test_missing_currency_cannot_be_used_to_reactivate_without_settlement" time="1.527" /><testcase classname="tests.test_commercial_reports" name="test_cash_reports_keep_captures_and_partial_refunds_in_their_actual_periods" time="1.631" /><testcase classname="tests.test_commercial_reports" name="test_currency_and_bot_boundaries_in_reports_and_csv" time="29.314" /><testcase classname="tests.test_commercial_reports" name="test_manual_access_is_idempotent_free_and_preserves_history" time="11.117" /><testcase classname="tests.test_commercial_reports" name="test_reports_never_invent_churn_for_imported_history" time="1.411" /><testcase classname="tests.test_commercial_reports" name="test_scheduled_summaries_are_unique_and_can_be_disabled_before_send" time="1.414" /><testcase classname="tests.test_commercial_reports" name="test_custom_team_roles_cannot_escalate_or_cross_bot" time="1.582" /><testcase classname="tests.test_commercial_reports" name="test_dst_period_is_local_calendar_day_not_fixed_24_hours" time="0.001" /><testcase classname="tests.test_external_commercial_payments" name="test_stripe_signature_rejects_tampering_expiration_and_multiple_timestamps" time="0.001" /><testcase classname="tests.test_external_commercial_payments" name="test_stripe_checkout_verified_paid_event_and_refund_are_idempotent" time="1.527" /><testcase classname="tests.test_external_commercial_payments" name="test_wrong_stripe_amount_cannot_activate_membership" time="1.359" /><testcase classname="tests.test_external_commercial_payments" name="test_paypal_verifies_signature_and_captures_only_matching_order" time="1.444" /><testcase classname="tests.test_load" name="test_indexed_multi_bot_routing[100]" time="1.265" /><testcase classname="tests.test_load" name="test_indexed_multi_bot_routing[1000]" time="1.818" /><testcase classname="tests.test_load" name="test_indexed_multi_bot_routing[10000]" time="2.163" /><testcase classname="tests.test_load" name="test_stale_send_is_not_delivered_twice" time="1.442" /><testcase classname="tests.test_native_telegram" name="test_new_creator_native_onboarding_without_mini_app" time="1.599" /><testcase classname="tests.test_native_telegram" name="test_callbacks_bound_to_actor_private_chat_and_current_role" time="1.442" /><testcase classname="tests.test_native_telegram" name="test_cross_tenant_and_owner_permissions_are_rechecked" time="1.457" /><testcase classname="tests.test_native_telegram" name="test_dialog_survives_runtime_recreation_and_lost_permission" time="1.644" /><testcase classname="tests.test_native_telegram" name="test_native_plan_wizard_and_customer_checkout" time="1.615" /><testcase classname="tests.test_native_telegram" name="test_callback_cannot_be_replayed_to_repeat_mutation" time="1.433" /><testcase classname="tests.test_native_telegram" name="test_owner_grant_requires_confirmation_and_no_payment_is_faked" time="1.419" /><testcase classname="tests.test_native_telegram" name="test_polling_offsets_commit_with_jobs_and_duplicate_delivery" time="1.632" /><testcase classname="tests.test_native_telegram" name="test_no_ack_on_storage_failure_and_no_database_access_on_empty_poll" time="1.437" /><testcase classname="tests.test_native_telegram" name="test_precheckout_fast_path_does_not_wait_for_worker" time="1.445" /><testcase classname="tests.test_native_telegram" name="test_native_production_requires_identity_but_no_redis_or_public_urls" time="0.004" /><testcase classname="tests.test_native_telegram" name="test_master_identity_verified_before_disabling_webhook" time="1.692" /><testcase classname="tests.test_native_telegram" name="test_process_lock_rejects_second_process_lock" time="0.004" /><testcase classname="tests.test_native_telegram" name="test_polling_conflict_stops_instance" time="1.422" /><testcase classname="tests.test_native_telegram" name="test_native_provision_publish_and_menu_configuration" time="1.478" /><testcase classname="tests.test_native_telegram" name="test_native_team_campaign_automation_and_support" time="1.563" /><testcase classname="tests.test_native_telegram" name="test_native_http_server_is_disabled" time="1.572" /><testcase classname="tests.test_native_telegram" name="test_native_all_resource_lists_resolve_and_hide_secrets" time="1.992" /><testcase classname="tests.test_native_telegram" name="test_native_customer_buttons_cannot_cross_bots_or_users" time="1.444" /><testcase classname="tests.test_native_telegram" name="test_native_receipt_delivery_rechecks_access_and_keeps_bytes_out_of_outbox" time="1.649" /><testcase classname="tests.test_native_telegram" name="test_single_process_loop_receives_persists_and_replies" time="2.906" /><testcase classname="tests.test_operations" name="test_public_catalog_cache_invalidates_after_creator_plan_change" time="1.430" /><testcase classname="tests.test_operations" name="test_health_scanner_deduplicates_and_quarantines_ownership_changes" time="1.561" /><testcase classname="tests.test_operations" name="test_cached_public_values_cannot_be_mutated_by_another_caller" time="1.338" /><testcase classname="tests.test_regressions" name="test_reply_idempotency_and_conflicting_body" time="1.383" /><testcase classname="tests.test_regressions" name="test_refund_revokes_only_its_entitlement_and_is_idempotent" time="1.387" /><testcase classname="tests.test_regressions" name="test_webhook_secret_cannot_be_reused_for_another_bot" time="1.557" /><testcase classname="tests.test_regressions" name="test_local_rate_limit_and_retry_after" time="1.456" /><testcase classname="tests.test_regressions" name="test_disabled_ai_cannot_be_enabled_without_implementation" time="1.390" /><testcase classname="tests.test_regressions" name="test_payment_receipt_inbox_cross_tenant_ids_are_inaccessible" time="1.413" /><testcase classname="tests.test_security" name="test_initdata_signature_and_age" time="0.001" /><testcase classname="tests.test_security" name="test_envelope_bound_to_tenant_and_key_version" time="0.001" /><testcase classname="tests.test_security" name="test_tenant_a_cannot_list_tenant_b[bots]" time="1.631" /><testcase classname="tests.test_security" name="test_tenant_a_cannot_list_tenant_b[contacts]" time="1.294" /><testcase classname="tests.test_security" name="test_tenant_a_cannot_list_tenant_b[plans]" time="1.430" /><testcase classname="tests.test_security" name="test_tenant_a_cannot_list_tenant_b[payments]" time="1.653" /><testcase classname="tests.test_security" name="test_tenant_a_cannot_list_tenant_b[receipts]" time="1.341" /><testcase classname="tests.test_security" name="test_tenant_a_cannot_list_tenant_b[subscriptions]" time="1.651" /><testcase classname="tests.test_security" name="test_tenant_a_cannot_list_tenant_b[conversations]" time="1.457" /><testcase classname="tests.test_security" name="test_tenant_a_cannot_list_tenant_b[campaigns]" time="1.591" /><testcase classname="tests.test_security" name="test_tenant_a_cannot_list_tenant_b[automations]" time="1.357" /><testcase classname="tests.test_security" name="test_tenant_a_cannot_list_tenant_b[coupons]" time="1.475" /><testcase classname="tests.test_security" name="test_tenant_a_cannot_list_tenant_b[referrals]" time="1.428" /><testcase classname="tests.test_security" name="test_tenant_a_cannot_list_tenant_b[analytics]" time="1.662" /><testcase classname="tests.test_security" name="test_tenant_a_cannot_list_tenant_b[team]" time="1.469" /><testcase classname="tests.test_security" name="test_tenant_a_cannot_list_tenant_b[providers]" time="1.444" /><testcase classname="tests.test_security" name="test_idor_query_and_export" time="1.725" /><testcase classname="tests.test_security" name="test_orm_automatic_scope_and_write_guard" time="1.239" /><testcase classname="tests.test_security" name="test_composite_foreign_key_blocks_cross_tenant" time="1.495" /><testcase classname="tests.test_security" name="test_read_only_cannot_configure_or_export" time="1.535" /><testcase classname="tests.test_security" name="test_customer_cannot_use_another_bots_initdata" time="1.635" /><testcase classname="tests.test_security" name="test_secrets_absent_in_ui_and_errors" time="1.479" /><testcase classname="tests.test_telegram_transport" name="test_transport_uses_current_method_and_parameter_contract" time="0.001" /><testcase classname="tests.test_telegram_transport" name="test_telegram_retry_after_is_respected" time="0.001" /><testcase classname="tests.test_telegram_transport" name="test_transport_error_never_contains_credentials_or_provider_description" time="0.001" /><testcase classname="tests.test_workflows" name="test_creator_onboarding_persists_and_creates_managed_bot" time="1.552" /><testcase classname="tests.test_workflows" name="test_management_mode_disabled_has_actionable_instructions" time="1.379" /><testcase classname="tests.test_workflows" name="test_configuring_master_rejects_a_token_for_another_bot_before_writing" time="1.681" /><testcase classname="tests.test_workflows" name="test_provision_rotation_and_token_refresh" time="1.491" /><testcase classname="tests.test_workflows" name="test_provision_failure_is_retriable" time="1.569" /><testcase classname="tests.test_workflows" name="test_ownership_transfer_does_not_move_customer_data" time="2.272" /><testcase classname="tests.test_workflows" name="test_webhook_secret_and_duplicate_updates" time="1.521" /><testcase classname="tests.test_workflows" name="test_bank_checkout_blocked_inside_telegram" time="1.343" /><testcase classname="tests.test_workflows" name="test_stars_payment_idempotency_and_payload_binding" time="1.283" /><testcase classname="tests.test_workflows" name="test_precheckout_amount_user_and_status" time="1.521" /><testcase classname="tests.test_workflows" name="test_recurring_renewal_uses_authoritative_period_end" time="1.453" /><testcase classname="tests.test_workflows" name="test_receipt_hash_review_and_approval[filesystem]" time="1.640" /><testcase classname="tests.test_workflows" name="test_receipt_hash_review_and_approval[database]" time="1.513" /><testcase classname="tests.test_workflows" name="test_database_receipt_survives_a_worker_with_another_filesystem" time="1.517" /><testcase classname="tests.test_workflows" name="test_invalid_upload_rejected" time="1.553" /><testcase classname="tests.test_workflows" name="test_channel_permissions_and_personal_join_links" time="1.383" /><testcase classname="tests.test_workflows" name="test_native_channel_is_separate" time="1.504" /><testcase classname="tests.test_workflows" name="test_inbox_uses_child_bot_and_ambiguous_send_not_retried" time="1.478" /><testcase classname="tests.test_workflows" name="test_campaign_is_scoped_and_respects_optout" time="1.405" /><testcase classname="tests.test_workflows" name="test_automation_execution_is_idempotent" time="1.458" /><testcase classname="tests.test_workflows" name="test_queue_fairness_between_tenants" time="1.699" /><testcase classname="tests.test_workflows" name="test_trial_expiration_suspends_without_destroying_data" time="1.456" /><testcase classname="tests.test_workflows" name="test_saas_billing_is_separate_from_customer_subscription" time="1.335" /><testcase classname="tests.test_workflows" name="test_money_no_float_inputs" time="1.642" /></testsuite></testsuites>